<?xml version="1.0" encoding="UTF-8"?>
<!-- Generated by org.testng.reporters.JUnitReportReporter -->
<testsuite hostname="DESKTOP-CLKKD43" failures="0" tests="1" name="tests.SelectResultedBlouseTest" time="28.634" errors="0" timestamp="2022-02-19T22:59:58 EET" skipped="0">
  <testcase classname="tests.SelectResultedBlouseTest" name="OpenBlousesPage" time="28.634"/>
  <system-out/>
</testsuite> <!-- tests.SelectResultedBlouseTest -->
