<?xml version="1.0" encoding="UTF-8"?>
<!-- Generated by org.testng.reporters.JUnitReportReporter -->
<testsuite hostname="DESKTOP-CLKKD43" failures="0" tests="1" name="tests.ValidateOrderTest" time="41.831" errors="0" timestamp="2022-02-19T23:12:14 EET" skipped="0">
  <testcase classname="tests.ValidateOrderTest" name="ConfirmPayment" time="41.831"/>
  <system-out/>
</testsuite> <!-- tests.ValidateOrderTest -->
