<?xml version="1.0" encoding="UTF-8"?>
<!-- Generated by org.testng.reporters.JUnitReportReporter -->
<testsuite hostname="DESKTOP-CLKKD43" failures="0" tests="1" name="tests.SelectBankWireOpTest" time="46.707" errors="0" timestamp="2022-02-19T23:10:18 EET" skipped="0">
  <testcase classname="tests.SelectBankWireOpTest" name="ConfirmPayment" time="46.707"/>
  <system-out/>
</testsuite> <!-- tests.SelectBankWireOpTest -->
