<?xml version="1.0" encoding="UTF-8"?>
<!-- Generated by org.testng.reporters.JUnitReportReporter -->
<testsuite hostname="US-PF3DTH7X" failures="0" tests="1" name="tests.SearchTest" time="4.894" errors="0" timestamp="2022-07-22T15:09:02 EET" skipped="0">
  <testcase classname="tests.SearchTest" name="Search" time="4.894"/>
  <system-out/>
</testsuite> <!-- tests.SearchTest -->
