<?xml version="1.0" encoding="UTF-8"?>
<!-- Generated by org.testng.reporters.JUnitReportReporter -->
<testsuite hostname="DESKTOP-CLKKD43" failures="0" tests="1" name="tests.CreateNewUserTest" time="22.830" errors="0" timestamp="2022-02-19T22:52:05 EET" skipped="0">
  <testcase classname="tests.CreateNewUserTest" name="CreateNewUser" time="22.830"/>
  <system-out/>
</testsuite> <!-- tests.CreateNewUserTest -->
