<?xml version="1.0" encoding="UTF-8"?>
<!-- Generated by org.testng.reporters.JUnitReportReporter -->
<testsuite hostname="DESKTOP-CLKKD43" failures="0" tests="1" name="tests.CheckoutTest" time="41.777" errors="0" timestamp="2022-02-19T23:08:31 EET" skipped="0">
  <testcase classname="tests.CheckoutTest" name="OpenBlousesPage" time="41.777"/>
  <system-out/>
</testsuite> <!-- tests.CheckoutTest -->
