<?xml version="1.0" encoding="UTF-8"?>
<!-- Generated by org.testng.reporters.JUnitReportReporter -->
<testsuite hostname="DESKTOP-CLKKD43" failures="0" tests="1" name="tests.OpenSubCategoryTest" time="20.081" errors="0" timestamp="2022-02-19T22:58:23 EET" skipped="0">
  <testcase classname="tests.OpenSubCategoryTest" name="OpenBlousesPage" time="20.081"/>
  <system-out/>
</testsuite> <!-- tests.OpenSubCategoryTest -->
